[12:49:42.706] Global cache location '/home/frosty/.cache/typescript/4.6', safe file path '/usr/lib/node_modules/typescript/lib/typingSafeList.json', types map path /usr/lib/node_modules/typescript/lib/typesMap.json
[12:49:42.707] Processing cache location '/home/frosty/.cache/typescript/4.6'
[12:49:42.707] Trying to find '/home/frosty/.cache/typescript/4.6/package.json'...
[12:49:42.708] Loaded content of '/home/frosty/.cache/typescript/4.6/package.json': {"private":true,"dependencies":{"types-registry":"^0.1.584"},"devDependencies":{"@types/css":"^0.0.33","@types/d3":"^7.1.0","@types/d3-array":"^3.0.2","@types/d3-axis":"^3.0.1","@types/d3-brush":"^3.0.1","@types/d3-chord":"^3.0.1","@types/d3-color":"^3.0.2","@types/d3-contour":"^3.0.1","@types/d3-delaunay":"^6.0.0","@types/d3-dispatch":"^3.0.1","@types/d3-drag":"^3.0.1","@types/d3-dsv":"^3.0.0","@types/d3-ease":"^3.0.0","@types/d3-fetch":"^3.0.1","@types/d3-force":"^3.0.3","@types/d3-format":"^3.0.1","@types/d3-geo":"^3.0.2","@types/d3-hierarchy":"^3.0.2","@types/d3-interpolate":"^3.0.1","@types/d3-path":"^3.0.0","@types/d3-polygon":"^3.0.0","@types/d3-quadtree":"^3.0.2","@types/d3-random":"^3.0.1","@types/d3-scale":"^4.0.2","@types/d3-scale-chromatic":"^3.0.0","@types/d3-selection":"^3.0.2","@types/d3-shape":"^3.0.2","@types/d3-time":"^3.0.0","@types/d3-time-format":"^4.0.0","@types/d3-timer":"^3.0.0","@types/d3-transition":"^3.0.1","@types/d3-zoom":"^3.0.1","@types/eslint":"^8.4.1","@types/prettier":"^2.4.4","@types/react":"^17.0.41","@types/react-dom":"^17.0.14","@types/testing-library__jest-dom":"^5.14.3"}}
[12:49:42.708] Loaded content of '/home/frosty/.cache/typescript/4.6/package-lock.json'
[12:49:42.720] Adding entry into typings cache: 'css' => '/home/frosty/.cache/typescript/4.6/node_modules/@types/css/index.d.ts'
[12:49:42.723] Adding entry into typings cache: 'd3' => '/home/frosty/.cache/typescript/4.6/node_modules/@types/d3/index.d.ts'
[12:49:42.725] Adding entry into typings cache: 'd3-array' => '/home/frosty/.cache/typescript/4.6/node_modules/@types/d3-array/index.d.ts'
[12:49:42.726] Adding entry into typings cache: 'd3-axis' => '/home/frosty/.cache/typescript/4.6/node_modules/@types/d3-axis/index.d.ts'
[12:49:42.728] Adding entry into typings cache: 'd3-brush' => '/home/frosty/.cache/typescript/4.6/node_modules/@types/d3-brush/index.d.ts'
[12:49:42.729] Adding entry into typings cache: 'd3-chord' => '/home/frosty/.cache/typescript/4.6/node_modules/@types/d3-chord/index.d.ts'
[12:49:42.731] Adding entry into typings cache: 'd3-color' => '/home/frosty/.cache/typescript/4.6/node_modules/@types/d3-color/index.d.ts'
[12:49:42.732] Adding entry into typings cache: 'd3-contour' => '/home/frosty/.cache/typescript/4.6/node_modules/@types/d3-contour/index.d.ts'
[12:49:42.734] Adding entry into typings cache: 'd3-delaunay' => '/home/frosty/.cache/typescript/4.6/node_modules/@types/d3-delaunay/index.d.ts'
[12:49:42.735] Adding entry into typings cache: 'd3-dispatch' => '/home/frosty/.cache/typescript/4.6/node_modules/@types/d3-dispatch/index.d.ts'
[12:49:42.737] Adding entry into typings cache: 'd3-drag' => '/home/frosty/.cache/typescript/4.6/node_modules/@types/d3-drag/index.d.ts'
[12:49:42.738] Adding entry into typings cache: 'd3-dsv' => '/home/frosty/.cache/typescript/4.6/node_modules/@types/d3-dsv/index.d.ts'
[12:49:42.739] Adding entry into typings cache: 'd3-ease' => '/home/frosty/.cache/typescript/4.6/node_modules/@types/d3-ease/index.d.ts'
[12:49:42.740] Adding entry into typings cache: 'd3-fetch' => '/home/frosty/.cache/typescript/4.6/node_modules/@types/d3-fetch/index.d.ts'
[12:49:42.741] Adding entry into typings cache: 'd3-force' => '/home/frosty/.cache/typescript/4.6/node_modules/@types/d3-force/index.d.ts'
[12:49:42.743] Adding entry into typings cache: 'd3-format' => '/home/frosty/.cache/typescript/4.6/node_modules/@types/d3-format/index.d.ts'
[12:49:42.744] Adding entry into typings cache: 'd3-geo' => '/home/frosty/.cache/typescript/4.6/node_modules/@types/d3-geo/index.d.ts'
[12:49:42.745] Adding entry into typings cache: 'd3-hierarchy' => '/home/frosty/.cache/typescript/4.6/node_modules/@types/d3-hierarchy/index.d.ts'
[12:49:42.746] Adding entry into typings cache: 'd3-interpolate' => '/home/frosty/.cache/typescript/4.6/node_modules/@types/d3-interpolate/index.d.ts'
[12:49:42.747] Adding entry into typings cache: 'd3-path' => '/home/frosty/.cache/typescript/4.6/node_modules/@types/d3-path/index.d.ts'
[12:49:42.748] Adding entry into typings cache: 'd3-polygon' => '/home/frosty/.cache/typescript/4.6/node_modules/@types/d3-polygon/index.d.ts'
[12:49:42.750] Adding entry into typings cache: 'd3-quadtree' => '/home/frosty/.cache/typescript/4.6/node_modules/@types/d3-quadtree/index.d.ts'
[12:49:42.750] Adding entry into typings cache: 'd3-random' => '/home/frosty/.cache/typescript/4.6/node_modules/@types/d3-random/index.d.ts'
[12:49:42.752] Adding entry into typings cache: 'd3-scale' => '/home/frosty/.cache/typescript/4.6/node_modules/@types/d3-scale/index.d.ts'
[12:49:42.752] Adding entry into typings cache: 'd3-scale-chromatic' => '/home/frosty/.cache/typescript/4.6/node_modules/@types/d3-scale-chromatic/index.d.ts'
[12:49:42.753] Adding entry into typings cache: 'd3-selection' => '/home/frosty/.cache/typescript/4.6/node_modules/@types/d3-selection/index.d.ts'
[12:49:42.754] Adding entry into typings cache: 'd3-shape' => '/home/frosty/.cache/typescript/4.6/node_modules/@types/d3-shape/index.d.ts'
[12:49:42.755] Adding entry into typings cache: 'd3-time' => '/home/frosty/.cache/typescript/4.6/node_modules/@types/d3-time/index.d.ts'
[12:49:42.756] Adding entry into typings cache: 'd3-time-format' => '/home/frosty/.cache/typescript/4.6/node_modules/@types/d3-time-format/index.d.ts'
[12:49:42.757] Adding entry into typings cache: 'd3-timer' => '/home/frosty/.cache/typescript/4.6/node_modules/@types/d3-timer/index.d.ts'
[12:49:42.758] Adding entry into typings cache: 'd3-transition' => '/home/frosty/.cache/typescript/4.6/node_modules/@types/d3-transition/index.d.ts'
[12:49:42.759] Adding entry into typings cache: 'd3-zoom' => '/home/frosty/.cache/typescript/4.6/node_modules/@types/d3-zoom/index.d.ts'
[12:49:42.760] Adding entry into typings cache: 'eslint' => '/home/frosty/.cache/typescript/4.6/node_modules/@types/eslint/index.d.ts'
[12:49:42.761] Adding entry into typings cache: 'prettier' => '/home/frosty/.cache/typescript/4.6/node_modules/@types/prettier/index.d.ts'
[12:49:42.763] Adding entry into typings cache: 'react' => '/home/frosty/.cache/typescript/4.6/node_modules/@types/react/index.d.ts'
[12:49:42.764] Adding entry into typings cache: 'react-dom' => '/home/frosty/.cache/typescript/4.6/node_modules/@types/react-dom/index.d.ts'
[12:49:42.765] Adding entry into typings cache: 'testing-library__jest-dom' => '/home/frosty/.cache/typescript/4.6/node_modules/@types/testing-library__jest-dom/index.d.ts'
[12:49:42.765] Finished processing cache location '/home/frosty/.cache/typescript/4.6'
[12:49:42.766] Process id: 30808
[12:49:42.766] NPM location: /usr/bin/npm (explicit '--npmLocation' not  provided)
[12:49:42.766] validateDefaultNpmLocation: false
[12:49:42.766] Npm config file: /home/frosty/.cache/typescript/4.6/package.json
[12:49:42.766] Updating types-registry npm package...
[12:49:42.766] Exec: /usr/bin/npm install --ignore-scripts types-registry@latest
[12:49:43.721]     Succeeded. stdout:
    
    up to date, audited 60 packages in 789ms

3 packages are looking for funding
  run `npm fund` for details

found 0 vulnerabilities

[12:49:43.721] Updated types-registry npm package
[12:49:44.643] Got install request {"projectName":"/dev/null/inferredProject1*","fileNames":["/usr/lib/node_modules/typescript/lib/lib.es5.d.ts","/usr/lib/node_modules/typescript/lib/lib.es2015.d.ts","/usr/lib/node_modules/typescript/lib/lib.es2016.d.ts","/usr/lib/node_modules/typescript/lib/lib.dom.d.ts","/usr/lib/node_modules/typescript/lib/lib.dom.iterable.d.ts","/usr/lib/node_modules/typescript/lib/lib.webworker.importscripts.d.ts","/usr/lib/node_modules/typescript/lib/lib.scripthost.d.ts","/usr/lib/node_modules/typescript/lib/lib.es2015.core.d.ts","/usr/lib/node_modules/typescript/lib/lib.es2015.collection.d.ts","/usr/lib/node_modules/typescript/lib/lib.es2015.generator.d.ts","/usr/lib/node_modules/typescript/lib/lib.es2015.iterable.d.ts","/usr/lib/node_modules/typescript/lib/lib.es2015.promise.d.ts","/usr/lib/node_modules/typescript/lib/lib.es2015.proxy.d.ts","/usr/lib/node_modules/typescript/lib/lib.es2015.reflect.d.ts","/usr/lib/node_modules/typescript/lib/lib.es2015.symbol.d.ts","/usr/lib/node_modules/typescript/lib/lib.es2015.symbol.wellknown.d.ts","/usr/lib/node_modules/typescript/lib/lib.es2016.array.include.d.ts","/usr/lib/node_modules/typescript/lib/lib.es2016.full.d.ts","/home/frosty/Programs/Rust/UnifiedCopyPaste/templates/index.html.tera"],"compilerOptions":{"module":1,"target":3,"jsx":1,"allowJs":true,"allowSyntheticDefaultImports":true,"allowNonTsExtensions":true,"noEmitForJsFiles":true,"maxNodeModuleJsDepth":2},"typeAcquisition":{"enable":true,"include":[],"exclude":[]},"unresolvedImports":[],"projectRootPath":"/home/frosty/Programs/Rust/UnifiedCopyPaste/templates","kind":"discover"}
[12:49:44.655] Loaded safelist from types map file '/usr/lib/node_modules/typescript/lib/typesMap.json'
[12:49:44.655] Explicitly included types: []
[12:49:44.656] Inferred typings from unresolved imports: []
[12:49:44.656] Result: {"cachedTypingPaths":[],"newTypingNames":[],"filesToWatch":["/home/frosty/Programs/Rust/UnifiedCopyPaste/templates/bower_components","/home/frosty/Programs/Rust/UnifiedCopyPaste/templates/node_modules"]}
[12:49:44.656] Finished typings discovery: {"cachedTypingPaths":[],"newTypingNames":[],"filesToWatch":["/home/frosty/Programs/Rust/UnifiedCopyPaste/templates/bower_components","/home/frosty/Programs/Rust/UnifiedCopyPaste/templates/node_modules"]}
[12:49:44.656] DirectoryWatcher:: Added:: WatchInfo: /home/frosty/Programs/Rust/UnifiedCopyPaste/templates/bower_components
[12:49:44.657] DirectoryWatcher:: Added:: WatchInfo: /home/frosty/Programs/Rust/UnifiedCopyPaste/templates/bower_components 1 undefined Project: /dev/null/inferredProject1* watcher already invoked: false
[12:49:44.658] Elapsed:: 1.4474299997091293ms DirectoryWatcher:: Added:: WatchInfo: /home/frosty/Programs/Rust/UnifiedCopyPaste/templates/bower_components 1 undefined Project: /dev/null/inferredProject1* watcher already invoked: false
[12:49:44.658] DirectoryWatcher:: Added:: WatchInfo: /home/frosty/Programs/Rust/UnifiedCopyPaste/templates/node_modules
[12:49:44.658] DirectoryWatcher:: Added:: WatchInfo: /home/frosty/Programs/Rust/UnifiedCopyPaste/templates/node_modules 1 undefined Project: /dev/null/inferredProject1* watcher already invoked: false
[12:49:44.659] Elapsed:: 0.10161100048571825ms DirectoryWatcher:: Added:: WatchInfo: /home/frosty/Programs/Rust/UnifiedCopyPaste/templates/node_modules 1 undefined Project: /dev/null/inferredProject1* watcher already invoked: false
[12:49:44.659] Sending response:
    {"projectName":"/dev/null/inferredProject1*","typeAcquisition":{"enable":true,"include":[],"exclude":[]},"compilerOptions":{"module":1,"target":3,"jsx":1,"allowJs":true,"allowSyntheticDefaultImports":true,"allowNonTsExtensions":true,"noEmitForJsFiles":true,"maxNodeModuleJsDepth":2},"typings":[],"unresolvedImports":[],"kind":"action::set"}
[12:49:44.659] Response has been sent.
[12:49:44.659] No new typings were requested as a result of typings discovery
